<?xml version="1.0" encoding="UTF-8"?>
<testng-results ignored="0" total="1" passed="1" failed="0" skipped="0">
  <reporter-output>
  </reporter-output>
  <suite started-at="2024-01-07T23:15:23 IST" name="Default suite" finished-at="2024-01-07T23:15:30 IST" duration-ms="7213">
    <groups>
    </groups>
    <test started-at="2024-01-07T23:15:23 IST" name="Default test" finished-at="2024-01-07T23:15:30 IST" duration-ms="7213">
      <class name="TestNGPrograms.FileUploadPGM">
        <test-method is-config="true" signature="browseropen()[pri:0, instance:TestNGPrograms.FileUploadPGM@79e2c065]" started-at="2024-01-07T23:15:23 IST" name="browseropen" finished-at="2024-01-07T23:15:25 IST" duration-ms="2221" status="PASS">
          <reporter-output>
          </reporter-output>
        </test-method> <!-- browseropen -->
        <test-method is-config="true" signature="urlopen()[pri:0, instance:TestNGPrograms.FileUploadPGM@79e2c065]" started-at="2024-01-07T23:15:25 IST" name="urlopen" finished-at="2024-01-07T23:15:27 IST" duration-ms="1601" status="PASS">
          <reporter-output>
          </reporter-output>
        </test-method> <!-- urlopen -->
        <test-method signature="test1()[pri:0, instance:TestNGPrograms.FileUploadPGM@79e2c065]" started-at="2024-01-07T23:15:27 IST" name="test1" finished-at="2024-01-07T23:15:30 IST" duration-ms="3352" status="PASS">
          <reporter-output>
          </reporter-output>
        </test-method> <!-- test1 -->
      </class> <!-- TestNGPrograms.FileUploadPGM -->
    </test> <!-- Default test -->
  </suite> <!-- Default suite -->
</testng-results>
